<?xml version="1.0" encoding="utf-8"?><testsuites name="pytest tests"><testsuite name="pytest" errors="0" failures="1" skipped="0" tests="24" time="9.677" timestamp="2026-05-27T15:50:32.709298+00:00" hostname="agent-env-d935bbf2-e786-4bf4-a5d9-b72a89857bf3"><testcase classname="backend_test.TestHealth" name="test_root" time="0.163" /><testcase classname="backend_test.TestVPPsPublic" name="test_list_vpps" time="0.127" /><testcase classname="backend_test.TestVPPsPublic" name="test_categories" time="0.127" /><testcase classname="backend_test.TestVPPsPublic" name="test_filter_by_state" time="0.127" /><testcase classname="backend_test.TestVPPsPublic" name="test_vpp_detail_unauth" time="0.207" /><testcase classname="backend_test.TestVPPsPublic" name="test_vpp_detail_not_found" time="0.124" /><testcase classname="backend_test.TestAuth" name="test_me_no_token" time="0.103" /><testcase classname="backend_test.TestAuth" name="test_me_with_token" time="0.436" /><testcase classname="backend_test.TestAuth" name="test_role_switch" time="0.258" /><testcase classname="backend_test.TestAuth" name="test_session_missing_id" time="0.107" /><testcase classname="backend_test.TestJoinAndTransition" name="test_join_requires_auth" time="0.235" /><testcase classname="backend_test.TestJoinAndTransition" name="test_join_increments_and_idempotent" time="0.468" /><testcase classname="backend_test.TestJoinAndTransition" name="test_auto_transition_to_locked" time="1.384" /><testcase classname="backend_test.TestCheckout" name="test_checkout_card_creates_stripe_session" time="1.667" /><testcase classname="backend_test.TestCheckout" name="test_checkout_open_banking_mock_flow" time="1.379"><failure message="assert 1.0 == 3.0">E   assert 1.0 == 3.0</failure></testcase><testcase classname="backend_test.TestCheckout" name="test_my_parties" time="0.914" /><testcase classname="backend_test.TestRBAC" name="test_consumer_cannot_access_supplier" time="0.115" /><testcase classname="backend_test.TestRBAC" name="test_consumer_cannot_access_admin" time="0.100" /><testcase classname="backend_test.TestRBAC" name="test_supplier_orders" time="0.440" /><testcase classname="backend_test.TestRBAC" name="test_admin_stats" time="0.128" /><testcase classname="backend_test.TestRBAC" name="test_admin_list_vpps" time="0.133" /><testcase classname="backend_test.TestRBAC" name="test_admin_force_state_and_delete" time="0.336" /><testcase classname="backend_test.TestWebSockets" name="test_ws_feed_accepts" time="0.218" /><testcase classname="backend_test.TestWebSockets" name="test_ws_vpp_accepts" time="0.267" /></testsuite></testsuites>