<?xml version="1.0" encoding="utf-8"?><testsuites name="pytest tests"><testsuite name="pytest" errors="0" failures="0" skipped="0" tests="8" time="1.988" timestamp="2026-06-28T19:53:42.989842+00:00" hostname="agent-env-384d0111-b524-4a4c-b434-48874298a383"><testcase classname="backend.tests.test_admin_create_wave.TestAdminCreateWave" name="test_admin_creates_wave_for_supplier" time="0.699" /><testcase classname="backend.tests.test_admin_create_wave.TestAdminCreateWave" name="test_admin_create_missing_supplier_rejected" time="0.049" /><testcase classname="backend.tests.test_admin_create_wave.TestAdminCreateWave" name="test_admin_create_invalid_supplier_rejected" time="0.051" /><testcase classname="backend.tests.test_admin_create_wave.TestAdminCreateWave" name="test_supplier_cannot_call_admin_endpoint" time="0.409" /><testcase classname="backend.tests.test_admin_create_wave.TestAdminCreateWave" name="test_admin_wave_image_upload" time="0.313" /><testcase classname="backend.tests.test_admin_create_wave.TestSupplierRegression" name="test_supplier_create_wave" time="0.050" /><testcase classname="backend.tests.test_admin_create_wave.TestSupplierRegression" name="test_supplier_edit_wave" time="0.146" /><testcase classname="backend.tests.test_admin_create_wave" name="test_zz_cleanup" time="0.192" /></testsuite></testsuites>