<?xml version="1.0" encoding="utf-8"?><testsuites name="pytest tests"><testsuite name="pytest" errors="0" failures="0" skipped="0" tests="9" time="12.009" timestamp="2026-05-27T16:02:09.702813+00:00" hostname="agent-env-d935bbf2-e786-4bf4-a5d9-b72a89857bf3"><testcase classname="backend.tests.test_garage_calendar_sync.TestCalendarInfoEndpoint" name="test_auth_required" time="0.189" /><testcase classname="backend.tests.test_garage_calendar_sync.TestCalendarInfoEndpoint" name="test_returns_feed_path_and_token" time="0.999" /><testcase classname="backend.tests.test_garage_calendar_sync.TestPublicICSFeed" name="test_valid_token_returns_ics" time="1.033" /><testcase classname="backend.tests.test_garage_calendar_sync.TestPublicICSFeed" name="test_wrong_token_returns_404" time="1.013" /><testcase classname="backend.tests.test_garage_calendar_sync.TestPublicICSFeed" name="test_missing_token_returns_404" time="0.967" /><testcase classname="backend.tests.test_garage_calendar_sync.TestICSContent" name="test_event_block_with_booking" time="2.489" /><testcase classname="backend.tests.test_garage_calendar_sync.TestICSContent" name="test_cancelled_booking_appears_as_cancelled" time="2.561" /><testcase classname="backend.tests.test_garage_calendar_sync.TestRegenerateToken" name="test_regenerate_invalidates_old_and_returns_new" time="1.620" /><testcase classname="backend.tests.test_garage_calendar_sync.TestPublicGarageListing" name="test_public_garages_excludes_calendar_token" time="1.050" /></testsuite></testsuites>