<?xml version="1.0" encoding="utf-8"?><testsuites name="pytest tests"><testsuite name="pytest" errors="0" failures="0" skipped="0" tests="7" time="1.740" timestamp="2026-06-14T16:24:34.580383+00:00" hostname="agent-env-336c746c-d4c9-4b72-a662-f10a6616adc2"><testcase classname="backend.tests.test_wave_image_upload.TestWaveImageUpload" name="test_unauth_upload_rejected" time="0.126" /><testcase classname="backend.tests.test_wave_image_upload.TestWaveImageUpload" name="test_upload_png_success" time="0.583" /><testcase classname="backend.tests.test_wave_image_upload.TestWaveImageUpload" name="test_reject_non_image_extension" time="0.044" /><testcase classname="backend.tests.test_wave_image_upload.TestWaveImageUpload" name="test_reject_oversize" time="0.266" /><testcase classname="backend.tests.test_wave_image_upload.TestWaveImageUpload" name="test_public_serve" time="0.242" /><testcase classname="backend.tests.test_wave_image_upload.TestWaveImageUpload" name="test_create_wave_with_image_url" time="0.364" /><testcase classname="backend.tests.test_wave_image_upload.TestWaveImageUpload" name="test_cleanup" time="0.047" /></testsuite></testsuites>