<?xml version="1.0" encoding="utf-8"?><testsuites name="pytest tests"><testsuite name="pytest" errors="0" failures="0" skipped="0" tests="18" time="22.141" timestamp="2026-05-27T19:44:22.501557+00:00" hostname="agent-env-d935bbf2-e786-4bf4-a5d9-b72a89857bf3"><testcase classname="backend.tests.test_garage_booking_flow.TestFounderAdminLogin" name="test_founder_login_returns_admin" time="0.353" /><testcase classname="backend.tests.test_garage_booking_flow.TestFounderAdminLogin" name="test_role_admin_blocked_for_non_allowlist" time="0.431" /><testcase classname="backend.tests.test_garage_booking_flow.TestFounderAdminLogin" name="test_role_admin_allowed_for_founder" time="0.473" /><testcase classname="backend.tests.test_garage_booking_flow.TestCheckoutNoGarage" name="test_checkout_tyres_without_garage_id" time="1.327" /><testcase classname="backend.tests.test_garage_booking_flow.TestCheckoutNoGarage" name="test_me_waves_needs_booking_true" time="1.318" /><testcase classname="backend.tests.test_garage_booking_flow.TestGarageAvailability" name="test_get_defaults" time="0.902" /><testcase classname="backend.tests.test_garage_booking_flow.TestGarageAvailability" name="test_put_availability_and_persist" time="1.070" /><testcase classname="backend.tests.test_garage_booking_flow.TestSlotsAndBookings" name="test_slots_honour_weekly_template_and_booking_flow" time="3.515" /><testcase classname="backend.tests.test_garage_booking_flow.TestPublicGarages" name="test_public_list_excludes_contact" time="0.891" /><testcase classname="backend.tests.test_garage_calendar_sync.TestCalendarInfoEndpoint" name="test_auth_required" time="0.109" /><testcase classname="backend.tests.test_garage_calendar_sync.TestCalendarInfoEndpoint" name="test_returns_feed_path_and_token" time="0.898" /><testcase classname="backend.tests.test_garage_calendar_sync.TestPublicICSFeed" name="test_valid_token_returns_ics" time="1.014" /><testcase classname="backend.tests.test_garage_calendar_sync.TestPublicICSFeed" name="test_wrong_token_returns_404" time="0.995" /><testcase classname="backend.tests.test_garage_calendar_sync.TestPublicICSFeed" name="test_missing_token_returns_404" time="1.005" /><testcase classname="backend.tests.test_garage_calendar_sync.TestICSContent" name="test_event_block_with_booking" time="2.569" /><testcase classname="backend.tests.test_garage_calendar_sync.TestICSContent" name="test_cancelled_booking_appears_as_cancelled" time="2.692" /><testcase classname="backend.tests.test_garage_calendar_sync.TestRegenerateToken" name="test_regenerate_invalidates_old_and_returns_new" time="1.394" /><testcase classname="backend.tests.test_garage_calendar_sync.TestPublicGarageListing" name="test_public_garages_excludes_calendar_token" time="1.069" /></testsuite></testsuites>