<?xml version="1.0" encoding="utf-8"?><testsuites name="pytest tests"><testsuite name="pytest" errors="0" failures="0" skipped="0" tests="9" time="11.356" timestamp="2026-05-27T15:50:16.927026+00:00" hostname="agent-env-d935bbf2-e786-4bf4-a5d9-b72a89857bf3"><testcase classname="test_garage_booking_flow.TestFounderAdminLogin" name="test_founder_login_returns_admin" time="0.471" /><testcase classname="test_garage_booking_flow.TestFounderAdminLogin" name="test_role_admin_blocked_for_non_allowlist" time="1.434" /><testcase classname="test_garage_booking_flow.TestFounderAdminLogin" name="test_role_admin_allowed_for_founder" time="0.561" /><testcase classname="test_garage_booking_flow.TestCheckoutNoGarage" name="test_checkout_tyres_without_garage_id" time="1.309" /><testcase classname="test_garage_booking_flow.TestCheckoutNoGarage" name="test_me_waves_needs_booking_true" time="1.236" /><testcase classname="test_garage_booking_flow.TestGarageAvailability" name="test_get_defaults" time="0.945" /><testcase classname="test_garage_booking_flow.TestGarageAvailability" name="test_put_availability_and_persist" time="0.990" /><testcase classname="test_garage_booking_flow.TestSlotsAndBookings" name="test_slots_honour_weekly_template_and_booking_flow" time="3.237" /><testcase classname="test_garage_booking_flow.TestPublicGarages" name="test_public_list_excludes_contact" time="0.918" /></testsuite></testsuites>