<?xml version="1.0" encoding="utf-8"?><testsuites name="pytest tests"><testsuite name="pytest" errors="0" failures="0" skipped="0" tests="9" time="19.854" timestamp="2026-05-27T19:43:58.060514+00:00" hostname="agent-env-d935bbf2-e786-4bf4-a5d9-b72a89857bf3"><testcase classname="backend.tests.test_auth_bruteforce_rbac.TestFounderLogin" name="test_founder_login_returns_200_admin" time="1.027" /><testcase classname="backend.tests.test_auth_bruteforce_rbac.TestBruteForceAllowlist" name="test_founder_survives_many_wrong_then_correct_works" time="3.389" /><testcase classname="backend.tests.test_auth_bruteforce_rbac.TestBruteForceNonAllowlisted" name="test_non_allowlisted_locks_out_after_10_attempts" time="3.949" /><testcase classname="backend.tests.test_auth_bruteforce_rbac.TestSupplierRBAC" name="test_supplier_403_on_vpp_list_detail_join_checkout" time="1.829" /><testcase classname="backend.tests.test_auth_bruteforce_rbac.TestSupplierRBAC" name="test_supplier_can_view_own_wave" time="2.593" /><testcase classname="backend.tests.test_auth_bruteforce_rbac.TestGarageRBAC" name="test_garage_403_on_vpp_list_detail_join_checkout" time="3.116" /><testcase classname="backend.tests.test_auth_bruteforce_rbac.TestAnonAndConsumerAndAdmin" name="test_anonymous_can_list_and_view_vpps" time="1.211" /><testcase classname="backend.tests.test_auth_bruteforce_rbac.TestAnonAndConsumerAndAdmin" name="test_consumer_can_list_and_view_vpps" time="1.466" /><testcase classname="backend.tests.test_auth_bruteforce_rbac.TestAnonAndConsumerAndAdmin" name="test_admin_can_list_and_view_vpps" time="1.192" /></testsuite></testsuites>