<?xml version="1.0" encoding="utf-8"?><testsuites name="pytest tests"><testsuite name="pytest" errors="0" failures="0" skipped="0" tests="20" time="9.429" timestamp="2026-05-28T11:46:02.681999+00:00" hostname="agent-env-353bb991-3ae4-45d9-9cfe-b9461c5b4899"><testcase classname="backend.tests.test_admin_users_terms.TestAdminListUsers" name="test_list_users_admin" time="0.482" /><testcase classname="backend.tests.test_admin_users_terms.TestAdminListUsers" name="test_list_users_filter_role" time="0.111" /><testcase classname="backend.tests.test_admin_users_terms.TestAdminListUsers" name="test_list_users_search" time="0.147" /><testcase classname="backend.tests.test_admin_users_terms.TestAdminListUsers" name="test_list_users_status_filter" time="0.102" /><testcase classname="backend.tests.test_admin_users_terms.TestAdminListUsers" name="test_non_admin_forbidden" time="0.591" /><testcase classname="backend.tests.test_admin_users_terms.TestAdminGetUser" name="test_get_user_with_stats" time="0.542" /><testcase classname="backend.tests.test_admin_users_terms.TestAdminGetUser" name="test_get_unknown_user_404" time="0.100" /><testcase classname="backend.tests.test_admin_users_terms.TestAdminPatchUser" name="test_cannot_modify_self" time="0.306" /><testcase classname="backend.tests.test_admin_users_terms.TestAdminPatchUser" name="test_cannot_suspend_admin" time="0.103" /><testcase classname="backend.tests.test_admin_users_terms.TestAdminPatchUser" name="test_suspend_invalidates_session_and_blocks_login" time="1.395" /><testcase classname="backend.tests.test_admin_users_terms.TestAdminPatchUser" name="test_audit_log_written" time="0.803" /><testcase classname="backend.tests.test_admin_users_terms.TestAdminDeleteUser" name="test_soft_delete_blocks_login_and_audit" time="0.768" /><testcase classname="backend.tests.test_admin_users_terms.TestAdminDeleteUser" name="test_hard_delete" time="0.632" /><testcase classname="backend.tests.test_admin_users_terms.TestTermsDocs" name="test_list_docs_public" time="0.116" /><testcase classname="backend.tests.test_admin_users_terms.TestTermsDocs" name="test_accept_terms_persists" time="0.631" /><testcase classname="backend.tests.test_admin_users_terms.TestTermsDocs" name="test_accept_unknown_doc_400" time="0.536" /><testcase classname="backend.tests.test_admin_users_terms.TestTermsDocs" name="test_accept_requires_auth" time="0.108" /><testcase classname="backend.tests.test_admin_users_terms.TestAdminTermsAudit" name="test_admin_audit_list" time="0.646" /><testcase classname="backend.tests.test_admin_users_terms.TestAdminTermsAudit" name="test_audit_filter_doc_and_user" time="0.667" /><testcase classname="backend.tests.test_admin_users_terms.TestAdminTermsAudit" name="test_audit_non_admin_forbidden" time="0.546" /></testsuite></testsuites>