<?xml version="1.0" encoding="utf-8"?><testsuites name="pytest tests"><testsuite name="pytest" errors="0" failures="0" skipped="0" tests="23" time="11.099" timestamp="2026-05-28T08:31:54.273534+00:00" hostname="agent-env-353bb991-3ae4-45d9-9cfe-b9461c5b4899"><testcase classname="backend.tests.test_tyre_waves.TestTyreWavesPublic" name="test_list_tyre_waves_seeded" time="0.279" /><testcase classname="backend.tests.test_tyre_waves.TestTyreWavesPublic" name="test_list_tyre_sizes" time="0.134" /><testcase classname="backend.tests.test_tyre_waves.TestTyreWavesPublic" name="test_filter_by_size_michelin_only" time="0.167" /><testcase classname="backend.tests.test_tyre_waves.TestTyreWavesPublic" name="test_filter_by_q" time="0.100" /><testcase classname="backend.tests.test_tyre_waves.TestTyreWavesPublic" name="test_detail_privacy_no_supplier_price" time="0.276" /><testcase classname="backend.tests.test_tyre_waves.TestTyreWavesPublic" name="test_detail_not_found" time="0.111" /><testcase classname="backend.tests.test_tyre_waves.TestJoinTyreWave" name="test_join_requires_auth" time="0.362" /><testcase classname="backend.tests.test_tyre_waves.TestJoinTyreWave" name="test_join_invalid_size_format" time="0.823" /><testcase classname="backend.tests.test_tyre_waves.TestJoinTyreWave" name="test_join_size_not_in_wave" time="0.211" /><testcase classname="backend.tests.test_tyre_waves.TestJoinTyreWave" name="test_join_increments_and_idempotent" time="0.945" /><testcase classname="backend.tests.test_tyre_waves.TestJoinTyreWave" name="test_my_tyre_waves" time="0.730" /><testcase classname="backend.tests.test_tyre_waves.TestSupplierProductGroups" name="test_consumer_cannot_create" time="0.103" /><testcase classname="backend.tests.test_tyre_waves.TestSupplierProductGroups" name="test_supplier_create_pg_auto_wave" time="1.047" /><testcase classname="backend.tests.test_tyre_waves.TestSupplierProductGroups" name="test_create_invalid_size_returns_400" time="0.102" /><testcase classname="backend.tests.test_tyre_waves.TestSupplierProductGroups" name="test_supplier_cannot_view_other_supplier_pg" time="0.925" /><testcase classname="backend.tests.test_tyre_waves.TestSupplierProductGroups" name="test_admin_can_view_all" time="0.456" /><testcase classname="backend.tests.test_tyre_waves.TestSupplierProductGroups" name="test_patch_target_syncs_wave" time="0.509" /><testcase classname="backend.tests.test_tyre_waves.TestSupplierProductGroups" name="test_sizes_upsert_and_overwrite" time="0.637" /><testcase classname="backend.tests.test_tyre_waves.TestSupplierProductGroups" name="test_delete_size" time="0.678" /><testcase classname="backend.tests.test_tyre_waves.TestSupplierProductGroups" name="test_csv_import_with_errors" time="0.421" /><testcase classname="backend.tests.test_tyre_waves.TestSupplierProductGroups" name="test_api_sync_idempotent" time="0.212" /><testcase classname="backend.tests.test_tyre_waves.TestAutoLockTransition" name="test_wave_locks_when_target_reached" time="1.109" /><testcase classname="backend.tests.test_tyre_waves.TestOutOfStock" name="test_join_out_of_stock_size_rejected" time="0.557" /></testsuite></testsuites>