<?xml version="1.0" encoding="utf-8"?><testsuites name="pytest tests"><testsuite name="pytest" errors="0" failures="0" skipped="0" tests="15" time="13.279" timestamp="2026-05-27T18:02:43.664978+00:00" hostname="agent-env-48a8b1bd-f3e7-4369-8dc0-8a8c677c59b0"><testcase classname="backend.tests.test_fee_engine_checkout.TestAdminFees" name="test_get_fees_returns_seeded_defaults" time="0.590" /><testcase classname="backend.tests.test_fee_engine_checkout.TestAdminFees" name="test_get_fees_requires_admin" time="0.441" /><testcase classname="backend.tests.test_fee_engine_checkout.TestAdminFees" name="test_put_fees_percent_mode_persists" time="0.852" /><testcase classname="backend.tests.test_fee_engine_checkout.TestAdminFees" name="test_put_fees_rejects_negative_service_value" time="0.463" /><testcase classname="backend.tests.test_fee_engine_checkout.TestAdminFees" name="test_put_fees_rejects_commission_gt_1" time="0.449" /><testcase classname="backend.tests.test_fee_engine_checkout.TestAdminFees" name="test_put_fees_rejects_negative_commission" time="0.442" /><testcase classname="backend.tests.test_fee_engine_checkout.TestAdminFees" name="test_put_fees_rejects_percent_value_gt_1" time="0.500" /><testcase classname="backend.tests.test_fee_engine_checkout.TestAdminFees" name="test_put_fees_rejects_zero_enabled_methods" time="0.486" /><testcase classname="backend.tests.test_fee_engine_checkout.TestAdminFees" name="test_put_fees_rejects_two_recommended" time="0.500" /><testcase classname="backend.tests.test_fee_engine_checkout.TestCheckoutQuote" name="test_auth_required" time="0.706" /><testcase classname="backend.tests.test_fee_engine_checkout.TestCheckoutQuote" name="test_quote_flat_mode_breakdown" time="1.013" /><testcase classname="backend.tests.test_fee_engine_checkout.TestCheckoutQuote" name="test_quote_percent_mode_math" time="1.128" /><testcase classname="backend.tests.test_fee_engine_checkout.TestCheckoutInit" name="test_init_open_banking_stores_breakdown_and_returns_mock" time="1.944" /><testcase classname="backend.tests.test_fee_engine_checkout.TestCheckoutInit" name="test_init_google_pay_routes_through_stripe" time="1.672" /><testcase classname="backend.tests.test_fee_engine_checkout.TestCheckoutInit" name="test_init_rejects_disabled_method" time="2.032" /></testsuite></testsuites>