<?xml version="1.0" encoding="utf-8"?><testsuites name="pytest tests"><testsuite name="pytest" errors="0" failures="0" skipped="0" tests="27" time="5.371" timestamp="2026-05-29T08:23:53.056930+00:00" hostname="agent-env-900194d7-bbec-47e2-a339-ef4c0860392a"><testcase classname="backend.tests.test_regional_waves.TestRegions" name="test_public_regions_active_only" time="0.215" /><testcase classname="backend.tests.test_regional_waves.TestRegions" name="test_admin_all_regions" time="0.368" /><testcase classname="backend.tests.test_regional_waves.TestRegions" name="test_wave_categories" time="0.156" /><testcase classname="backend.tests.test_regional_waves.TestRegions" name="test_admin_region_crud" time="0.182" /><testcase classname="backend.tests.test_regional_waves.TestRegions" name="test_admin_only_create_region" time="0.403" /><testcase classname="backend.tests.test_regional_waves.TestSupplierWaves" name="test_create_wave" time="0.541" /><testcase classname="backend.tests.test_regional_waves.TestSupplierWaves" name="test_min_activation_validation" time="0.047" /><testcase classname="backend.tests.test_regional_waves.TestSupplierWaves" name="test_invalid_region" time="0.048" /><testcase classname="backend.tests.test_regional_waves.TestSupplierWaves" name="test_list_my_waves" time="0.144" /><testcase classname="backend.tests.test_regional_waves.TestSupplierWaves" name="test_get_my_wave" time="0.174" /><testcase classname="backend.tests.test_regional_waves.TestSupplierWaves" name="test_update_wave_preserves_reserved" time="0.147" /><testcase classname="backend.tests.test_regional_waves.TestSupplierWaves" name="test_update_min_gt_ideal_rejected" time="0.152" /><testcase classname="backend.tests.test_regional_waves.TestSupplierWaves" name="test_order_summary" time="0.147" /><testcase classname="backend.tests.test_regional_waves.TestPublicWaves" name="test_list_public_waves" time="0.092" /><testcase classname="backend.tests.test_regional_waves.TestPublicWaves" name="test_filter_by_category" time="0.095" /><testcase classname="backend.tests.test_regional_waves.TestPublicWaves" name="test_get_wave_public_strips_supplier" time="0.203" /><testcase classname="backend.tests.test_regional_waves.TestJoinWave" name="test_join_electronics_requires_delivery_address" time="0.262" /><testcase classname="backend.tests.test_regional_waves.TestJoinWave" name="test_join_tyres_requires_garage" time="0.251" /><testcase classname="backend.tests.test_regional_waves.TestJoinWave" name="test_join_electronics_success_and_cancel" time="0.453" /><testcase classname="backend.tests.test_regional_waves.TestJoinWave" name="test_auto_activate_on_min_threshold" time="0.579" /><testcase classname="backend.tests.test_regional_waves.TestAdminOversight" name="test_admin_list_regional_waves" time="0.046" /><testcase classname="backend.tests.test_regional_waves.TestAdminOversight" name="test_admin_set_state_and_delete" time="0.179" /><testcase classname="backend.tests.test_regional_waves.TestAdminOversight" name="test_admin_only_endpoints_blocked" time="0.046" /><testcase classname="backend.tests.test_regional_waves.TestAdminSuppliers" name="test_list_suppliers_has_account_status" time="0.044" /><testcase classname="backend.tests.test_regional_waves.TestAdminSuppliers" name="test_supplier_detail" time="0.094" /><testcase classname="backend.tests.test_regional_waves.TestAdminSuppliers" name="test_suspend_unsuspend_supplier" time="0.144" /><testcase classname="backend.tests.test_regional_waves.TestAdminSuppliers" name="test_admin_only_supplier_account" time="0.049" /></testsuite></testsuites>