<?xml version="1.0" encoding="utf-8"?><testsuites name="pytest tests"><testsuite name="pytest" errors="0" failures="0" skipped="0" tests="24" time="11.118" timestamp="2026-05-24T17:05:12.646477+00:00" hostname="agent-env-d935bbf2-e786-4bf4-a5d9-b72a89857bf3"><testcase classname="backend_test.TestHealth" name="test_root" time="0.245" /><testcase classname="backend_test.TestVPPsPublic" name="test_list_vpps" time="0.128" /><testcase classname="backend_test.TestVPPsPublic" name="test_categories" time="0.102" /><testcase classname="backend_test.TestVPPsPublic" name="test_filter_by_state" time="0.115" /><testcase classname="backend_test.TestVPPsPublic" name="test_vpp_detail_unauth" time="0.273" /><testcase classname="backend_test.TestVPPsPublic" name="test_vpp_detail_not_found" time="0.116" /><testcase classname="backend_test.TestAuth" name="test_me_no_token" time="0.116" /><testcase classname="backend_test.TestAuth" name="test_me_with_token" time="0.633" /><testcase classname="backend_test.TestAuth" name="test_role_switch" time="0.287" /><testcase classname="backend_test.TestAuth" name="test_session_missing_id" time="0.104" /><testcase classname="backend_test.TestJoinAndTransition" name="test_join_requires_auth" time="0.236" /><testcase classname="backend_test.TestJoinAndTransition" name="test_join_increments_and_idempotent" time="0.453" /><testcase classname="backend_test.TestJoinAndTransition" name="test_auto_transition_to_locked" time="2.077" /><testcase classname="backend_test.TestCheckout" name="test_checkout_card_creates_stripe_session" time="1.875" /><testcase classname="backend_test.TestCheckout" name="test_checkout_open_banking_mock_flow" time="1.146" /><testcase classname="backend_test.TestCheckout" name="test_my_parties" time="0.974" /><testcase classname="backend_test.TestRBAC" name="test_consumer_cannot_access_supplier" time="0.117" /><testcase classname="backend_test.TestRBAC" name="test_consumer_cannot_access_admin" time="0.115" /><testcase classname="backend_test.TestRBAC" name="test_supplier_orders" time="0.803" /><testcase classname="backend_test.TestRBAC" name="test_admin_stats" time="0.108" /><testcase classname="backend_test.TestRBAC" name="test_admin_list_vpps" time="0.115" /><testcase classname="backend_test.TestRBAC" name="test_admin_force_state_and_delete" time="0.352" /><testcase classname="backend_test.TestWebSockets" name="test_ws_feed_accepts" time="0.185" /><testcase classname="backend_test.TestWebSockets" name="test_ws_vpp_accepts" time="0.334" /></testsuite></testsuites>